<?xml version="1.0" encoding="UTF-8"?>
<testsuites name="Requerido en Terminal" time="214.585" tests="1" failures="1" errors="0">
   <testsuite name="Requerido en Terminal" tests="1" failures="1" errors="0" time="214.585" skipped="0" timestamp="2021-07-12 10:30:03" hostname="BILIKI - DESKTOP-HH1RJM2" id="Test Suites/0 Información Clientes/Requerido en Terminal">
      <properties>
         <property name="deviceName" value=""/>
         <property name="devicePlatform" value=""/>
         <property name="logFolder" value="E:\\CIEL INGENIERIA\\KATALON\\Validaciones\\Reports\\20210712_102938\\0 Informaci\u00F3n Clientes\\Requerido en Terminal\\20210712_102938"/>
         <property name="logFiles" value="E:\\CIEL INGENIERIA\\KATALON\\Validaciones\\Reports\\20210712_102938\\0 Informaci\u00F3n Clientes\\Requerido en Terminal\\20210712_102938\\execution0.log"/>
         <property name="attachments" value="E:\\CIEL INGENIERIA\\KATALON\\Validaciones\\Reports\\20210712_102938\\0 Informaci\u00F3n Clientes\\Requerido en Terminal\\20210712_102938\\1626103951246.png, E:\\CIEL INGENIERIA\\KATALON\\Validaciones\\Reports\\20210712_102938\\0 Informaci\u00F3n Clientes\\Requerido en Terminal\\20210712_102938\\1626103992838.png"/>
         <property name="hostName" value="BILIKI - DESKTOP-HH1RJM2"/>
         <property name="os" value="Windows 10 64bit"/>
         <property name="katalonVersion" value="8.0.5.208"/>
         <property name="browser" value="Chrome 91.0.4472.124"/>
         <property name="hostAddress" value="169.254.12.236"/>
         <property name="sessionId" value="0b5a05f0a274156d7d14f70d490be289"/>
         <property name="seleniumVersion" value="3.141.59"/>
         <property name="proxyInformation" value="ProxyInformation { proxyOption=NO_PROXY, proxyServerType=HTTP, username=, password=********, proxyServerAddress=, proxyServerPort=0, executionList=&quot;&quot;, isApplyToDesiredCapabilities=true }"/>
         <property name="platform" value="Windows 10"/>
      </properties>
      <testcase name="Test Cases/0 Información clientes/Requerido en Terminal" time="188.9" classname="Test Cases/0 Información clientes/Requerido en Terminal" status="FAILED">
         <failure type="FAILED" message="Test Cases/0 Información clientes/Requerido en Terminal FAILED.
Reason:
com.kms.katalon.core.exception.StepFailedException: Unable to click on object 'Object Repository/2 Operacion/Elementos del Sistema/Terminales/Terminal/Funciones Basicas/imgCerrar/btn_FindeJornada'
	at com.kms.katalon.core.webui.keyword.internal.WebUIKeywordMain.stepFailed(WebUIKeywordMain.groovy:64)
	at com.kms.katalon.core.webui.keyword.internal.WebUIKeywordMain.runKeyword(WebUIKeywordMain.groovy:26)
	at com.kms.katalon.core.webui.keyword.builtin.ClickKeyword.click(ClickKeyword.groovy:75)
	at com.kms.katalon.core.webui.keyword.builtin.ClickKeyword.execute(ClickKeyword.groovy:42)
	at com.kms.katalon.core.keyword.internal.KeywordExecutor.executeKeywordForPlatform(KeywordExecutor.groovy:73)
	at com.kms.katalon.core.webui.keyword.WebUiBuiltInKeywords.click(WebUiBuiltInKeywords.groovy:620)
	at com.kms.katalon.core.webui.keyword.WebUiBuiltInKeywords$click$2.call(Unknown Source)
	at Requerido en Terminal.run(Requerido en Terminal:123)
	at com.kms.katalon.core.main.ScriptEngine.run(ScriptEngine.java:194)
	at com.kms.katalon.core.main.ScriptEngine.runScriptAsRawText(ScriptEngine.java:119)
	at com.kms.katalon.core.main.TestCaseExecutor.runScript(TestCaseExecutor.java:369)
	at com.kms.katalon.core.main.TestCaseExecutor.doExecute(TestCaseExecutor.java:360)
	at com.kms.katalon.core.main.TestCaseExecutor.processExecutionPhase(TestCaseExecutor.java:339)
	at com.kms.katalon.core.main.TestCaseExecutor.accessMainPhase(TestCaseExecutor.java:331)
	at com.kms.katalon.core.main.TestCaseExecutor.execute(TestCaseExecutor.java:248)
	at com.kms.katalon.core.main.TestSuiteExecutor.accessTestCaseMainPhase(TestSuiteExecutor.java:191)
	at com.kms.katalon.core.main.TestSuiteExecutor.accessTestSuiteMainPhase(TestSuiteExecutor.java:140)
	at com.kms.katalon.core.main.TestSuiteExecutor.execute(TestSuiteExecutor.java:89)
	at com.kms.katalon.core.main.TestCaseMain.startTestSuite(TestCaseMain.java:185)
	at com.kms.katalon.core.main.TestCaseMain$startTestSuite$0.call(Unknown Source)
	at TempTestSuite1626103778705.run(TempTestSuite1626103778705.groovy:39)
Caused by: com.kms.katalon.core.webui.exception.WebElementNotFoundException: Web element with id: 'Object Repository/2 Operacion/Elementos del Sistema/Terminales/Terminal/Funciones Basicas/imgCerrar/btn_FindeJornada' located by '//input[@id='cPHPri_Motivos_btnFindeJornada_8']' not found
	at com.kms.katalon.core.webui.common.WebUiCommonHelper.findWebElement(WebUiCommonHelper.java:1368)
	at com.kms.katalon.core.webui.keyword.internal.WebUIAbstractKeyword.findWebElement(WebUIAbstractKeyword.groovy:27)
	at com.kms.katalon.core.webui.keyword.internal.WebUIAbstractKeyword.findWebElement(WebUIAbstractKeyword.groovy:26)
	at com.kms.katalon.core.webui.keyword.builtin.ClickKeyword$_click_closure1.doCall(ClickKeyword.groovy:66)
	at com.kms.katalon.core.webui.keyword.builtin.ClickKeyword$_click_closure1.call(ClickKeyword.groovy)
	at com.kms.katalon.core.webui.keyword.internal.WebUIKeywordMain.runKeyword(WebUIKeywordMain.groovy:20)
	... 19 more
"/>
         <system-out><![CDATA[2021-07-12 10:30:04 - [TEST_CASE][FAILED] - Test Cases/0 Información clientes/Requerido en Terminal: Test Cases/0 Información clientes/Requerido en Terminal FAILED.
Reason:
com.kms.katalon.core.exception.StepFailedException: Unable to click on object 'Object Repository/2 Operacion/Elementos del Sistema/Terminales/Terminal/Funciones Basicas/imgCerrar/btn_FindeJornada'
	at com.kms.katalon.core.webui.keyword.internal.WebUIKeywordMain.stepFailed(WebUIKeywordMain.groovy:64)
	at com.kms.katalon.core.webui.keyword.internal.WebUIKeywordMain.runKeyword(WebUIKeywordMain.groovy:26)
	at com.kms.katalon.core.webui.keyword.builtin.ClickKeyword.click(ClickKeyword.groovy:75)
	at com.kms.katalon.core.webui.keyword.builtin.ClickKeyword.execute(ClickKeyword.groovy:42)
	at com.kms.katalon.core.keyword.internal.KeywordExecutor.executeKeywordForPlatform(KeywordExecutor.groovy:73)
	at com.kms.katalon.core.webui.keyword.WebUiBuiltInKeywords.click(WebUiBuiltInKeywords.groovy:620)
	at com.kms.katalon.core.webui.keyword.WebUiBuiltInKeywords$click$2.call(Unknown Source)
	at Requerido en Terminal.run(Requerido en Terminal:123)
	at com.kms.katalon.core.main.ScriptEngine.run(ScriptEngine.java:194)
	at com.kms.katalon.core.main.ScriptEngine.runScriptAsRawText(ScriptEngine.java:119)
	at com.kms.katalon.core.main.TestCaseExecutor.runScript(TestCaseExecutor.java:369)
	at com.kms.katalon.core.main.TestCaseExecutor.doExecute(TestCaseExecutor.java:360)
	at com.kms.katalon.core.main.TestCaseExecutor.processExecutionPhase(TestCaseExecutor.java:339)
	at com.kms.katalon.core.main.TestCaseExecutor.accessMainPhase(TestCaseExecutor.java:331)
	at com.kms.katalon.core.main.TestCaseExecutor.execute(TestCaseExecutor.java:248)
	at com.kms.katalon.core.main.TestSuiteExecutor.accessTestCaseMainPhase(TestSuiteExecutor.java:191)
	at com.kms.katalon.core.main.TestSuiteExecutor.accessTestSuiteMainPhase(TestSuiteExecutor.java:140)
	at com.kms.katalon.core.main.TestSuiteExecutor.execute(TestSuiteExecutor.java:89)
	at com.kms.katalon.core.main.TestCaseMain.startTestSuite(TestCaseMain.java:185)
	at com.kms.katalon.core.main.TestCaseMain$startTestSuite$0.call(Unknown Source)
	at TempTestSuite1626103778705.run(TempTestSuite1626103778705.groovy:39)
Caused by: com.kms.katalon.core.webui.exception.WebElementNotFoundException: Web element with id: 'Object Repository/2 Operacion/Elementos del Sistema/Terminales/Terminal/Funciones Basicas/imgCerrar/btn_FindeJornada' located by '//input[@id='cPHPri_Motivos_btnFindeJornada_8']' not found
	at com.kms.katalon.core.webui.common.WebUiCommonHelper.findWebElement(WebUiCommonHelper.java:1368)
	at com.kms.katalon.core.webui.keyword.internal.WebUIAbstractKeyword.findWebElement(WebUIAbstractKeyword.groovy:27)
	at com.kms.katalon.core.webui.keyword.internal.WebUIAbstractKeyword.findWebElement(WebUIAbstractKeyword.groovy:26)
	at com.kms.katalon.core.webui.keyword.builtin.ClickKeyword$_click_closure1.doCall(ClickKeyword.groovy:66)
	at com.kms.katalon.core.webui.keyword.builtin.ClickKeyword$_click_closure1.call(ClickKeyword.groovy)
	at com.kms.katalon.core.webui.keyword.internal.WebUIKeywordMain.runKeyword(WebUIKeywordMain.groovy:20)
	... 19 more


2021-07-12 10:30:06 - [TEST_STEP][PASSED] - callTestCase(findTestCase("Inicio Sesion sin variables"), [:], STOP_ON_FAILURE): Call Test Case 'Test Cases/Inicio Sesion sin variables' successfully

2021-07-12 10:30:07 - [TEST_CASE][PASSED] - Test Cases/Inicio Sesion sin variables: Test Cases/Inicio Sesion sin variables

2021-07-12 10:30:08 - [TEST_STEP][PASSED] - openBrowser("http://Localhost:8810"): Browser is opened with url: 'http://Localhost:8810'

2021-07-12 10:30:10 - [MESSAGE][INFO] - Starting 'Chrome' driver

2021-07-12 10:30:10 - [MESSAGE][INFO] - Action delay is set to 0 milliseconds

2021-07-12 10:30:35 - [MESSAGE][PASSED] - Browser is opened with url: 'http://Localhost:8810'

2021-07-12 10:30:35 - [TEST_STEP][PASSED] - maximizeWindow(): Current window maximized

2021-07-12 10:30:36 - [MESSAGE][PASSED] - Current window maximized

2021-07-12 10:30:36 - [TEST_STEP][PASSED] - setText(findTestObject("0Inicio Sesion/input__Usuario"), "ciel"): Text 'ciel' is set on object 'Object Repository/0Inicio Sesion/input__Usuario'

2021-07-12 10:30:37 - [MESSAGE][PASSED] - Text 'ciel' is set on object 'Object Repository/0Inicio Sesion/input__Usuario'

2021-07-12 10:30:37 - [TEST_STEP][PASSED] - setText(findTestObject("0Inicio Sesion/input__Clave"), "digiturno"): Text 'digiturno' is set on object 'Object Repository/0Inicio Sesion/input__Clave'

2021-07-12 10:30:39 - [MESSAGE][PASSED] - Text 'digiturno' is set on object 'Object Repository/0Inicio Sesion/input__Clave'

2021-07-12 10:30:39 - [TEST_STEP][PASSED] - click(findTestObject("0Inicio Sesion/btn_IniciarSesion")): Object: 'Object Repository/0Inicio Sesion/btn_IniciarSesion' is clicked on

2021-07-12 10:30:39 - [MESSAGE][PASSED] - Object: 'Object Repository/0Inicio Sesion/btn_IniciarSesion' is clicked on

2021-07-12 10:30:39 - [TEST_STEP][PASSED] - delay(3): Delayed 3 second(s)

2021-07-12 10:30:42 - [MESSAGE][PASSED] - Delayed 3 second(s)

2021-07-12 10:30:42 - [MESSAGE][PASSED] - Call Test Case 'Test Cases/Inicio Sesion sin variables' successfully

2021-07-12 10:30:42 - [TEST_STEP][PASSED] - click(findTestObject("1Inicio/img_Configuracion")): Object: 'Object Repository/1Inicio/img_Configuracion' is clicked on

2021-07-12 10:30:50 - [MESSAGE][PASSED] - Object: 'Object Repository/1Inicio/img_Configuracion' is clicked on

2021-07-12 10:30:50 - [TEST_STEP][PASSED] - delay(3): Delayed 3 second(s)

2021-07-12 10:30:53 - [MESSAGE][PASSED] - Delayed 3 second(s)

2021-07-12 10:30:53 - [TEST_STEP][PASSED] - click(findTestObject("Configuracion/1Principal/img_Datos Complementarios")): Object: 'Object Repository/Configuracion/1Principal/img_Datos Complementarios' is clicked on

2021-07-12 10:30:55 - [MESSAGE][PASSED] - Object: 'Object Repository/Configuracion/1Principal/img_Datos Complementarios' is clicked on

2021-07-12 10:30:55 - [TEST_STEP][PASSED] - delay(3): Delayed 3 second(s)

2021-07-12 10:30:58 - [MESSAGE][PASSED] - Delayed 3 second(s)

2021-07-12 10:30:58 - [TEST_STEP][PASSED] - click(findTestObject("Configuracion/Datos Complementarios/img_Informacion Clientes")): Object: 'Object Repository/Configuracion/Datos Complementarios/img_Informacion Clientes' is clicked on

2021-07-12 10:31:02 - [MESSAGE][PASSED] - Object: 'Object Repository/Configuracion/Datos Complementarios/img_Informacion Clientes' is clicked on

2021-07-12 10:31:02 - [TEST_STEP][PASSED] - delay(3): Delayed 3 second(s)

2021-07-12 10:31:05 - [MESSAGE][PASSED] - Delayed 3 second(s)

2021-07-12 10:31:05 - [TEST_STEP][PASSED] - selectOptionByIndex(findTestObject("Configuracion/Datos Complementarios/Informacion Clientes/1 Parametros a mostrar del Cliente/Mostrar del Cliente/select_OrigenDeCliente"), 1): All options with index in [1] are selected on object 'Object Repository/Configuracion/Datos Complementarios/Informacion Clientes/1 Parametros a mostrar del Cliente/Mostrar del Cliente/select_OrigenDeCliente'

2021-07-12 10:31:07 - [MESSAGE][PASSED] - All options with index in [1] are selected on object 'Object Repository/Configuracion/Datos Complementarios/Informacion Clientes/1 Parametros a mostrar del Cliente/Mostrar del Cliente/select_OrigenDeCliente'

2021-07-12 10:31:07 - [TEST_STEP][PASSED] - delay(3): Delayed 3 second(s)

2021-07-12 10:31:10 - [MESSAGE][PASSED] - Delayed 3 second(s)

2021-07-12 10:31:10 - [TEST_STEP][PASSED] - check(findTestObject("Configuracion/Datos Complementarios/Informacion Clientes/1 Parametros a mostrar del Cliente/Mostrar del Cliente/3Requerido en Terminal/chk_1Tipo Identificacion")): Object 'Object Repository/Configuracion/Datos Complementarios/Informacion Clientes/1 Parametros a mostrar del Cliente/Mostrar del Cliente/3Requerido en Terminal/chk_1Tipo Identificacion' is checked

2021-07-12 10:31:11 - [MESSAGE][PASSED] - Object 'Object Repository/Configuracion/Datos Complementarios/Informacion Clientes/1 Parametros a mostrar del Cliente/Mostrar del Cliente/3Requerido en Terminal/chk_1Tipo Identificacion' is checked

2021-07-12 10:31:11 - [TEST_STEP][PASSED] - check(findTestObject("Configuracion/Datos Complementarios/Informacion Clientes/1 Parametros a mostrar del Cliente/Mostrar del Cliente/3Requerido en Terminal/chk_2Identificacion")): Object 'Object Repository/Configuracion/Datos Complementarios/Informacion Clientes/1 Parametros a mostrar del Cliente/Mostrar del Cliente/3Requerido en Terminal/chk_2Identificacion' is checked

2021-07-12 10:31:12 - [MESSAGE][PASSED] - Object 'Object Repository/Configuracion/Datos Complementarios/Informacion Clientes/1 Parametros a mostrar del Cliente/Mostrar del Cliente/3Requerido en Terminal/chk_2Identificacion' is checked

2021-07-12 10:31:12 - [TEST_STEP][PASSED] - check(findTestObject("Configuracion/Datos Complementarios/Informacion Clientes/1 Parametros a mostrar del Cliente/Mostrar del Cliente/3Requerido en Terminal/chk_3Lugar de expedicion")): Object 'Object Repository/Configuracion/Datos Complementarios/Informacion Clientes/1 Parametros a mostrar del Cliente/Mostrar del Cliente/3Requerido en Terminal/chk_3Lugar de expedicion' is checked

2021-07-12 10:31:13 - [MESSAGE][PASSED] - Object 'Object Repository/Configuracion/Datos Complementarios/Informacion Clientes/1 Parametros a mostrar del Cliente/Mostrar del Cliente/3Requerido en Terminal/chk_3Lugar de expedicion' is checked

2021-07-12 10:31:13 - [TEST_STEP][PASSED] - check(findTestObject("Configuracion/Datos Complementarios/Informacion Clientes/1 Parametros a mostrar del Cliente/Mostrar del Cliente/3Requerido en Terminal/chk_4Primer nombre")): Object 'Object Repository/Configuracion/Datos Complementarios/Informacion Clientes/1 Parametros a mostrar del Cliente/Mostrar del Cliente/3Requerido en Terminal/chk_4Primer nombre' is checked

2021-07-12 10:31:13 - [MESSAGE][PASSED] - Object 'Object Repository/Configuracion/Datos Complementarios/Informacion Clientes/1 Parametros a mostrar del Cliente/Mostrar del Cliente/3Requerido en Terminal/chk_4Primer nombre' is checked

2021-07-12 10:31:13 - [TEST_STEP][PASSED] - check(findTestObject("Configuracion/Datos Complementarios/Informacion Clientes/1 Parametros a mostrar del Cliente/Mostrar del Cliente/3Requerido en Terminal/chk_5Segundo nombre")): Object 'Object Repository/Configuracion/Datos Complementarios/Informacion Clientes/1 Parametros a mostrar del Cliente/Mostrar del Cliente/3Requerido en Terminal/chk_5Segundo nombre' is checked

2021-07-12 10:31:14 - [MESSAGE][PASSED] - Object 'Object Repository/Configuracion/Datos Complementarios/Informacion Clientes/1 Parametros a mostrar del Cliente/Mostrar del Cliente/3Requerido en Terminal/chk_5Segundo nombre' is checked

2021-07-12 10:31:14 - [TEST_STEP][PASSED] - check(findTestObject("Configuracion/Datos Complementarios/Informacion Clientes/1 Parametros a mostrar del Cliente/Mostrar del Cliente/3Requerido en Terminal/chk_6Primer apellido")): Object 'Object Repository/Configuracion/Datos Complementarios/Informacion Clientes/1 Parametros a mostrar del Cliente/Mostrar del Cliente/3Requerido en Terminal/chk_6Primer apellido' is checked

2021-07-12 10:31:15 - [MESSAGE][PASSED] - Object 'Object Repository/Configuracion/Datos Complementarios/Informacion Clientes/1 Parametros a mostrar del Cliente/Mostrar del Cliente/3Requerido en Terminal/chk_6Primer apellido' is checked

2021-07-12 10:31:15 - [TEST_STEP][PASSED] - check(findTestObject("Configuracion/Datos Complementarios/Informacion Clientes/1 Parametros a mostrar del Cliente/Mostrar del Cliente/3Requerido en Terminal/chk_7Segundo apellido")): Object 'Object Repository/Configuracion/Datos Complementarios/Informacion Clientes/1 Parametros a mostrar del Cliente/Mostrar del Cliente/3Requerido en Terminal/chk_7Segundo apellido' is checked

2021-07-12 10:31:16 - [MESSAGE][PASSED] - Object 'Object Repository/Configuracion/Datos Complementarios/Informacion Clientes/1 Parametros a mostrar del Cliente/Mostrar del Cliente/3Requerido en Terminal/chk_7Segundo apellido' is checked

2021-07-12 10:31:16 - [TEST_STEP][PASSED] - click(findTestObject("Configuracion/Datos Complementarios/Informacion Clientes/1 Parametros a mostrar del Cliente/Mostrar del Cliente/img_Actualizar")): Object: 'Object Repository/Configuracion/Datos Complementarios/Informacion Clientes/1 Parametros a mostrar del Cliente/Mostrar del Cliente/img_Actualizar' is clicked on

2021-07-12 10:31:17 - [MESSAGE][PASSED] - Object: 'Object Repository/Configuracion/Datos Complementarios/Informacion Clientes/1 Parametros a mostrar del Cliente/Mostrar del Cliente/img_Actualizar' is clicked on

2021-07-12 10:31:17 - [TEST_STEP][PASSED] - delay(3): Delayed 3 second(s)

2021-07-12 10:31:20 - [MESSAGE][PASSED] - Delayed 3 second(s)

2021-07-12 10:31:20 - [TEST_STEP][PASSED] - click(findTestObject("1Inicio/a_Inicio")): Object: 'Object Repository/1Inicio/a_Inicio' is clicked on

2021-07-12 10:31:23 - [MESSAGE][PASSED] - Object: 'Object Repository/1Inicio/a_Inicio' is clicked on

2021-07-12 10:31:23 - [TEST_STEP][PASSED] - delay(3): Delayed 3 second(s)

2021-07-12 10:31:26 - [MESSAGE][PASSED] - Delayed 3 second(s)

2021-07-12 10:31:26 - [TEST_STEP][PASSED] - click(findTestObject("1Inicio/img_Operacion")): Object: 'Object Repository/1Inicio/img_Operacion' is clicked on

2021-07-12 10:31:28 - [MESSAGE][PASSED] - Object: 'Object Repository/1Inicio/img_Operacion' is clicked on

2021-07-12 10:31:28 - [TEST_STEP][PASSED] - delay(3): Delayed 3 second(s)

2021-07-12 10:31:31 - [MESSAGE][PASSED] - Delayed 3 second(s)

2021-07-12 10:31:31 - [TEST_STEP][PASSED] - click(findTestObject("2 Operacion/Elementos Del Sistema")): Object: 'Object Repository/2 Operacion/Elementos Del Sistema' is clicked on

2021-07-12 10:31:33 - [MESSAGE][PASSED] - Object: 'Object Repository/2 Operacion/Elementos Del Sistema' is clicked on

2021-07-12 10:31:33 - [TEST_STEP][PASSED] - delay(3): Delayed 3 second(s)

2021-07-12 10:31:36 - [MESSAGE][PASSED] - Delayed 3 second(s)

2021-07-12 10:31:36 - [TEST_STEP][PASSED] - click(findTestObject("2 Operacion/Elementos del Sistema/img_Terminales")): Object: 'Object Repository/2 Operacion/Elementos del Sistema/img_Terminales' is clicked on

2021-07-12 10:31:39 - [MESSAGE][PASSED] - Object: 'Object Repository/2 Operacion/Elementos del Sistema/img_Terminales' is clicked on

2021-07-12 10:31:39 - [TEST_STEP][PASSED] - delay(3): Delayed 3 second(s)

2021-07-12 10:31:42 - [MESSAGE][PASSED] - Delayed 3 second(s)

2021-07-12 10:31:42 - [TEST_STEP][PASSED] - click(findTestObject("2 Operacion/Elementos del Sistema/Selectores/00Oficinas/a_Bogota - CIEL")): Object: 'Object Repository/2 Operacion/Elementos del Sistema/Selectores/00Oficinas/a_Bogota - CIEL' is clicked on

2021-07-12 10:31:44 - [MESSAGE][PASSED] - Object: 'Object Repository/2 Operacion/Elementos del Sistema/Selectores/00Oficinas/a_Bogota - CIEL' is clicked on

2021-07-12 10:31:44 - [TEST_STEP][PASSED] - delay(3): Delayed 3 second(s)

2021-07-12 10:31:47 - [MESSAGE][PASSED] - Delayed 3 second(s)

2021-07-12 10:31:47 - [TEST_STEP][PASSED] - click(findTestObject("2 Operacion/Elementos del Sistema/Terminales/1Terminales menos WorkFlow/a_Terminal Informacion A01")): Object: 'Object Repository/2 Operacion/Elementos del Sistema/Terminales/1Terminales menos WorkFlow/a_Terminal Informacion A01' is clicked on

2021-07-12 10:31:48 - [MESSAGE][PASSED] - Object: 'Object Repository/2 Operacion/Elementos del Sistema/Terminales/1Terminales menos WorkFlow/a_Terminal Informacion A01' is clicked on

2021-07-12 10:31:48 - [TEST_STEP][PASSED] - delay(3): Delayed 3 second(s)

2021-07-12 10:31:51 - [MESSAGE][PASSED] - Delayed 3 second(s)

2021-07-12 10:31:51 - [TEST_STEP][PASSED] - click(findTestObject("2 Operacion/Elementos del Sistema/Terminales/Terminal/Funciones Basicas/img_Llamar")): Object: 'Object Repository/2 Operacion/Elementos del Sistema/Terminales/Terminal/Funciones Basicas/img_Llamar' is clicked on

2021-07-12 10:32:02 - [MESSAGE][PASSED] - Object: 'Object Repository/2 Operacion/Elementos del Sistema/Terminales/Terminal/Funciones Basicas/img_Llamar' is clicked on

2021-07-12 10:32:02 - [TEST_STEP][PASSED] - delay(3): Delayed 3 second(s)

2021-07-12 10:32:05 - [MESSAGE][PASSED] - Delayed 3 second(s)

2021-07-12 10:32:05 - [TEST_STEP][PASSED] - click(findTestObject("2 Operacion/Elementos del Sistema/Terminales/Terminal/Funciones Basicas/img_Ocupado")): Object: 'Object Repository/2 Operacion/Elementos del Sistema/Terminales/Terminal/Funciones Basicas/img_Ocupado' is clicked on

2021-07-12 10:32:09 - [MESSAGE][PASSED] - Object: 'Object Repository/2 Operacion/Elementos del Sistema/Terminales/Terminal/Funciones Basicas/img_Ocupado' is clicked on

2021-07-12 10:32:09 - [TEST_STEP][PASSED] - delay(3): Delayed 3 second(s)

2021-07-12 10:32:12 - [MESSAGE][PASSED] - Delayed 3 second(s)

2021-07-12 10:32:12 - [TEST_STEP][PASSED] - click(findTestObject("2 Operacion/Elementos del Sistema/Terminales/Terminal/Funciones Basicas/imgOcupado/a_Actualizacion de Datos")): Object: 'Object Repository/2 Operacion/Elementos del Sistema/Terminales/Terminal/Funciones Basicas/imgOcupado/a_Actualizacion de Datos' is clicked on

2021-07-12 10:32:15 - [MESSAGE][PASSED] - Object: 'Object Repository/2 Operacion/Elementos del Sistema/Terminales/Terminal/Funciones Basicas/imgOcupado/a_Actualizacion de Datos' is clicked on

2021-07-12 10:32:15 - [TEST_STEP][PASSED] - delay(3): Delayed 3 second(s)

2021-07-12 10:32:18 - [MESSAGE][PASSED] - Delayed 3 second(s)

2021-07-12 10:32:18 - [TEST_STEP][PASSED] - selectOptionByIndex(findTestObject("2 Operacion/Elementos del Sistema/Terminales/Terminal/0Campos/0Cliente/select_1TipoIdentificacion"), 1): All options with index in [1] are selected on object 'Object Repository/2 Operacion/Elementos del Sistema/Terminales/Terminal/0Campos/0Cliente/select_1TipoIdentificacion'

2021-07-12 10:32:20 - [MESSAGE][PASSED] - All options with index in [1] are selected on object 'Object Repository/2 Operacion/Elementos del Sistema/Terminales/Terminal/0Campos/0Cliente/select_1TipoIdentificacion'

2021-07-12 10:32:20 - [TEST_STEP][PASSED] - setText(findTestObject("2 Operacion/Elementos del Sistema/Terminales/Terminal/0Campos/0Cliente/input_2Identificacion"), "123456"): Text '123456' is set on object 'Object Repository/2 Operacion/Elementos del Sistema/Terminales/Terminal/0Campos/0Cliente/input_2Identificacion'

2021-07-12 10:32:22 - [MESSAGE][PASSED] - Text '123456' is set on object 'Object Repository/2 Operacion/Elementos del Sistema/Terminales/Terminal/0Campos/0Cliente/input_2Identificacion'

2021-07-12 10:32:22 - [TEST_STEP][PASSED] - setText(findTestObject("2 Operacion/Elementos del Sistema/Terminales/Terminal/0Campos/0Cliente/input_3Lugar de expedicion"), "Bogota"): Text 'Bogota' is set on object 'Object Repository/2 Operacion/Elementos del Sistema/Terminales/Terminal/0Campos/0Cliente/input_3Lugar de expedicion'

2021-07-12 10:32:23 - [MESSAGE][PASSED] - Text 'Bogota' is set on object 'Object Repository/2 Operacion/Elementos del Sistema/Terminales/Terminal/0Campos/0Cliente/input_3Lugar de expedicion'

2021-07-12 10:32:23 - [TEST_STEP][PASSED] - setText(findTestObject("2 Operacion/Elementos del Sistema/Terminales/Terminal/0Campos/0Cliente/input_4Primer nombre"), "Juan"): Text 'Juan' is set on object 'Object Repository/2 Operacion/Elementos del Sistema/Terminales/Terminal/0Campos/0Cliente/input_4Primer nombre'

2021-07-12 10:32:25 - [MESSAGE][PASSED] - Text 'Juan' is set on object 'Object Repository/2 Operacion/Elementos del Sistema/Terminales/Terminal/0Campos/0Cliente/input_4Primer nombre'

2021-07-12 10:32:25 - [TEST_STEP][PASSED] - setText(findTestObject("2 Operacion/Elementos del Sistema/Terminales/Terminal/0Campos/0Cliente/input_5Segundo nombre"), "Ramon"): Text 'Ramon' is set on object 'Object Repository/2 Operacion/Elementos del Sistema/Terminales/Terminal/0Campos/0Cliente/input_5Segundo nombre'

2021-07-12 10:32:27 - [MESSAGE][PASSED] - Text 'Ramon' is set on object 'Object Repository/2 Operacion/Elementos del Sistema/Terminales/Terminal/0Campos/0Cliente/input_5Segundo nombre'

2021-07-12 10:32:27 - [TEST_STEP][PASSED] - setText(findTestObject("2 Operacion/Elementos del Sistema/Terminales/Terminal/0Campos/0Cliente/input_6Primer apellido"), "Daza"): Text 'Daza' is set on object 'Object Repository/2 Operacion/Elementos del Sistema/Terminales/Terminal/0Campos/0Cliente/input_6Primer apellido'

2021-07-12 10:32:29 - [MESSAGE][PASSED] - Text 'Daza' is set on object 'Object Repository/2 Operacion/Elementos del Sistema/Terminales/Terminal/0Campos/0Cliente/input_6Primer apellido'

2021-07-12 10:32:29 - [TEST_STEP][PASSED] - delay(2): Delayed 2 second(s)

2021-07-12 10:32:31 - [MESSAGE][PASSED] - Delayed 2 second(s)

2021-07-12 10:32:31 - [TEST_STEP][PASSED] - takeFullPageScreenshot(): Taking screenshot successfully

2021-07-12 10:32:32 - [MESSAGE][INFO] - 0 hidden object(s)

2021-07-12 10:32:33 - [MESSAGE][PASSED] - Taking screenshot successfully
[[ATTACHMENT|E:\\CIEL INGENIERIA\\KATALON\\Validaciones\\Reports\\20210712_102938\\0 Informaci\u00F3n Clientes\\Requerido en Terminal\\20210712_102938\\1626103951246.png]]

2021-07-12 10:32:33 - [TEST_STEP][PASSED] - delay(3): Delayed 3 second(s)

2021-07-12 10:32:36 - [MESSAGE][PASSED] - Delayed 3 second(s)

2021-07-12 10:32:36 - [TEST_STEP][PASSED] - click(findTestObject("2 Operacion/Elementos del Sistema/Terminales/Terminal/Funciones Basicas/img_Cerrar")): Object: 'Object Repository/2 Operacion/Elementos del Sistema/Terminales/Terminal/Funciones Basicas/img_Cerrar' is clicked on

2021-07-12 10:32:38 - [MESSAGE][PASSED] - Object: 'Object Repository/2 Operacion/Elementos del Sistema/Terminales/Terminal/Funciones Basicas/img_Cerrar' is clicked on

2021-07-12 10:32:38 - [TEST_STEP][PASSED] - delay(3): Delayed 3 second(s)

2021-07-12 10:32:41 - [MESSAGE][PASSED] - Delayed 3 second(s)

2021-07-12 10:32:41 - [TEST_STEP][FAILED] - click(findTestObject("2 Operacion/Elementos del Sistema/Terminales/Terminal/Funciones Basicas/imgCerrar/btn_FindeJornada")): Unable to click on object 'Object Repository/2 Operacion/Elementos del Sistema/Terminales/Terminal/Funciones Basicas/imgCerrar/btn_FindeJornada' (Root cause: com.kms.katalon.core.exception.StepFailedException: Unable to click on object 'Object Repository/2 Operacion/Elementos del Sistema/Terminales/Terminal/Funciones Basicas/imgCerrar/btn_FindeJornada'
	at com.kms.katalon.core.webui.keyword.internal.WebUIKeywordMain.stepFailed(WebUIKeywordMain.groovy:64)
	at com.kms.katalon.core.webui.keyword.internal.WebUIKeywordMain.runKeyword(WebUIKeywordMain.groovy:26)
	at com.kms.katalon.core.webui.keyword.builtin.ClickKeyword.click(ClickKeyword.groovy:75)
	at com.kms.katalon.core.webui.keyword.builtin.ClickKeyword.execute(ClickKeyword.groovy:42)
	at com.kms.katalon.core.keyword.internal.KeywordExecutor.executeKeywordForPlatform(KeywordExecutor.groovy:73)
	at com.kms.katalon.core.webui.keyword.WebUiBuiltInKeywords.click(WebUiBuiltInKeywords.groovy:620)
	at com.kms.katalon.core.webui.keyword.WebUiBuiltInKeywords$click$2.call(Unknown Source)
	at Requerido en Terminal.run(Requerido en Terminal:123)
	at com.kms.katalon.core.main.ScriptEngine.run(ScriptEngine.java:194)
	at com.kms.katalon.core.main.ScriptEngine.runScriptAsRawText(ScriptEngine.java:119)
	at com.kms.katalon.core.main.TestCaseExecutor.runScript(TestCaseExecutor.java:369)
	at com.kms.katalon.core.main.TestCaseExecutor.doExecute(TestCaseExecutor.java:360)
	at com.kms.katalon.core.main.TestCaseExecutor.processExecutionPhase(TestCaseExecutor.java:339)
	at com.kms.katalon.core.main.TestCaseExecutor.accessMainPhase(TestCaseExecutor.java:331)
	at com.kms.katalon.core.main.TestCaseExecutor.execute(TestCaseExecutor.java:248)
	at com.kms.katalon.core.main.TestSuiteExecutor.accessTestCaseMainPhase(TestSuiteExecutor.java:191)
	at com.kms.katalon.core.main.TestSuiteExecutor.accessTestSuiteMainPhase(TestSuiteExecutor.java:140)
	at com.kms.katalon.core.main.TestSuiteExecutor.execute(TestSuiteExecutor.java:89)
	at com.kms.katalon.core.main.TestCaseMain.startTestSuite(TestCaseMain.java:185)
	at com.kms.katalon.core.main.TestCaseMain$startTestSuite$0.call(Unknown Source)
	at TempTestSuite1626103778705.run(TempTestSuite1626103778705.groovy:39)
Caused by: com.kms.katalon.core.webui.exception.WebElementNotFoundException: Web element with id: 'Object Repository/2 Operacion/Elementos del Sistema/Terminales/Terminal/Funciones Basicas/imgCerrar/btn_FindeJornada' located by '//input[@id='cPHPri_Motivos_btnFindeJornada_8']' not found
	at com.kms.katalon.core.webui.common.WebUiCommonHelper.findWebElement(WebUiCommonHelper.java:1368)
	at com.kms.katalon.core.webui.keyword.internal.WebUIAbstractKeyword.findWebElement(WebUIAbstractKeyword.groovy:27)
	at com.kms.katalon.core.webui.keyword.internal.WebUIAbstractKeyword.findWebElement(WebUIAbstractKeyword.groovy:26)
	at com.kms.katalon.core.webui.keyword.builtin.ClickKeyword$_click_closure1.doCall(ClickKeyword.groovy:66)
	at com.kms.katalon.core.webui.keyword.builtin.ClickKeyword$_click_closure1.call(ClickKeyword.groovy)
	at com.kms.katalon.core.webui.keyword.internal.WebUIKeywordMain.runKeyword(WebUIKeywordMain.groovy:20)
	at com.kms.katalon.core.webui.keyword.builtin.ClickKeyword.click(ClickKeyword.groovy:75)
	at com.kms.katalon.core.webui.keyword.builtin.ClickKeyword.execute(ClickKeyword.groovy:42)
	at com.kms.katalon.core.keyword.internal.KeywordExecutor.executeKeywordForPlatform(KeywordExecutor.groovy:73)
	at com.kms.katalon.core.webui.keyword.WebUiBuiltInKeywords.click(WebUiBuiltInKeywords.groovy:620)
	at com.kms.katalon.core.webui.keyword.WebUiBuiltInKeywords$click$2.call(Unknown Source)
	at Script1626099195353.run(Script1626099195353.groovy:123)
	... 13 more
)

2021-07-12 10:33:12 - [MESSAGE][INFO] - Unable to find the element located by 'By.xpath: //input[@id='cPHPri_Motivos_btnFindeJornada_8']'. Please recheck the objects properties to make sure the desired element is located. 

2021-07-12 10:33:13 - [MESSAGE][FAILED] - Unable to click on object 'Object Repository/2 Operacion/Elementos del Sistema/Terminales/Terminal/Funciones Basicas/imgCerrar/btn_FindeJornada' (Root cause: com.kms.katalon.core.exception.StepFailedException: Unable to click on object 'Object Repository/2 Operacion/Elementos del Sistema/Terminales/Terminal/Funciones Basicas/imgCerrar/btn_FindeJornada'
	at com.kms.katalon.core.webui.keyword.internal.WebUIKeywordMain.stepFailed(WebUIKeywordMain.groovy:64)
	at com.kms.katalon.core.webui.keyword.internal.WebUIKeywordMain.runKeyword(WebUIKeywordMain.groovy:26)
	at com.kms.katalon.core.webui.keyword.builtin.ClickKeyword.click(ClickKeyword.groovy:75)
	at com.kms.katalon.core.webui.keyword.builtin.ClickKeyword.execute(ClickKeyword.groovy:42)
	at com.kms.katalon.core.keyword.internal.KeywordExecutor.executeKeywordForPlatform(KeywordExecutor.groovy:73)
	at com.kms.katalon.core.webui.keyword.WebUiBuiltInKeywords.click(WebUiBuiltInKeywords.groovy:620)
	at com.kms.katalon.core.webui.keyword.WebUiBuiltInKeywords$click$2.call(Unknown Source)
	at Requerido en Terminal.run(Requerido en Terminal:123)
	at com.kms.katalon.core.main.ScriptEngine.run(ScriptEngine.java:194)
	at com.kms.katalon.core.main.ScriptEngine.runScriptAsRawText(ScriptEngine.java:119)
	at com.kms.katalon.core.main.TestCaseExecutor.runScript(TestCaseExecutor.java:369)
	at com.kms.katalon.core.main.TestCaseExecutor.doExecute(TestCaseExecutor.java:360)
	at com.kms.katalon.core.main.TestCaseExecutor.processExecutionPhase(TestCaseExecutor.java:339)
	at com.kms.katalon.core.main.TestCaseExecutor.accessMainPhase(TestCaseExecutor.java:331)
	at com.kms.katalon.core.main.TestCaseExecutor.execute(TestCaseExecutor.java:248)
	at com.kms.katalon.core.main.TestSuiteExecutor.accessTestCaseMainPhase(TestSuiteExecutor.java:191)
	at com.kms.katalon.core.main.TestSuiteExecutor.accessTestSuiteMainPhase(TestSuiteExecutor.java:140)
	at com.kms.katalon.core.main.TestSuiteExecutor.execute(TestSuiteExecutor.java:89)
	at com.kms.katalon.core.main.TestCaseMain.startTestSuite(TestCaseMain.java:185)
	at com.kms.katalon.core.main.TestCaseMain$startTestSuite$0.call(Unknown Source)
	at TempTestSuite1626103778705.run(TempTestSuite1626103778705.groovy:39)
Caused by: com.kms.katalon.core.webui.exception.WebElementNotFoundException: Web element with id: 'Object Repository/2 Operacion/Elementos del Sistema/Terminales/Terminal/Funciones Basicas/imgCerrar/btn_FindeJornada' located by '//input[@id='cPHPri_Motivos_btnFindeJornada_8']' not found
	at com.kms.katalon.core.webui.common.WebUiCommonHelper.findWebElement(WebUiCommonHelper.java:1368)
	at com.kms.katalon.core.webui.keyword.internal.WebUIAbstractKeyword.findWebElement(WebUIAbstractKeyword.groovy:27)
	at com.kms.katalon.core.webui.keyword.internal.WebUIAbstractKeyword.findWebElement(WebUIAbstractKeyword.groovy:26)
	at com.kms.katalon.core.webui.keyword.builtin.ClickKeyword$_click_closure1.doCall(ClickKeyword.groovy:66)
	at com.kms.katalon.core.webui.keyword.builtin.ClickKeyword$_click_closure1.call(ClickKeyword.groovy)
	at com.kms.katalon.core.webui.keyword.internal.WebUIKeywordMain.runKeyword(WebUIKeywordMain.groovy:20)
	at com.kms.katalon.core.webui.keyword.builtin.ClickKeyword.click(ClickKeyword.groovy:75)
	at com.kms.katalon.core.webui.keyword.builtin.ClickKeyword.execute(ClickKeyword.groovy:42)
	at com.kms.katalon.core.keyword.internal.KeywordExecutor.executeKeywordForPlatform(KeywordExecutor.groovy:73)
	at com.kms.katalon.core.webui.keyword.WebUiBuiltInKeywords.click(WebUiBuiltInKeywords.groovy:620)
	at com.kms.katalon.core.webui.keyword.WebUiBuiltInKeywords$click$2.call(Unknown Source)
	at Script1626099195353.run(Script1626099195353.groovy:123)
	... 13 more
)
[[ATTACHMENT|E:\\CIEL INGENIERIA\\KATALON\\Validaciones\\Reports\\20210712_102938\\0 Informaci\u00F3n Clientes\\Requerido en Terminal\\20210712_102938\\1626103992838.png]]]]></system-out>
         <system-err><![CDATA[2021-07-12 10:30:04 - [TEST_CASE][FAILED] - Test Cases/0 Información clientes/Requerido en Terminal: Test Cases/0 Información clientes/Requerido en Terminal FAILED.
Reason:
com.kms.katalon.core.exception.StepFailedException: Unable to click on object 'Object Repository/2 Operacion/Elementos del Sistema/Terminales/Terminal/Funciones Basicas/imgCerrar/btn_FindeJornada'
	at com.kms.katalon.core.webui.keyword.internal.WebUIKeywordMain.stepFailed(WebUIKeywordMain.groovy:64)
	at com.kms.katalon.core.webui.keyword.internal.WebUIKeywordMain.runKeyword(WebUIKeywordMain.groovy:26)
	at com.kms.katalon.core.webui.keyword.builtin.ClickKeyword.click(ClickKeyword.groovy:75)
	at com.kms.katalon.core.webui.keyword.builtin.ClickKeyword.execute(ClickKeyword.groovy:42)
	at com.kms.katalon.core.keyword.internal.KeywordExecutor.executeKeywordForPlatform(KeywordExecutor.groovy:73)
	at com.kms.katalon.core.webui.keyword.WebUiBuiltInKeywords.click(WebUiBuiltInKeywords.groovy:620)
	at com.kms.katalon.core.webui.keyword.WebUiBuiltInKeywords$click$2.call(Unknown Source)
	at Requerido en Terminal.run(Requerido en Terminal:123)
	at com.kms.katalon.core.main.ScriptEngine.run(ScriptEngine.java:194)
	at com.kms.katalon.core.main.ScriptEngine.runScriptAsRawText(ScriptEngine.java:119)
	at com.kms.katalon.core.main.TestCaseExecutor.runScript(TestCaseExecutor.java:369)
	at com.kms.katalon.core.main.TestCaseExecutor.doExecute(TestCaseExecutor.java:360)
	at com.kms.katalon.core.main.TestCaseExecutor.processExecutionPhase(TestCaseExecutor.java:339)
	at com.kms.katalon.core.main.TestCaseExecutor.accessMainPhase(TestCaseExecutor.java:331)
	at com.kms.katalon.core.main.TestCaseExecutor.execute(TestCaseExecutor.java:248)
	at com.kms.katalon.core.main.TestSuiteExecutor.accessTestCaseMainPhase(TestSuiteExecutor.java:191)
	at com.kms.katalon.core.main.TestSuiteExecutor.accessTestSuiteMainPhase(TestSuiteExecutor.java:140)
	at com.kms.katalon.core.main.TestSuiteExecutor.execute(TestSuiteExecutor.java:89)
	at com.kms.katalon.core.main.TestCaseMain.startTestSuite(TestCaseMain.java:185)
	at com.kms.katalon.core.main.TestCaseMain$startTestSuite$0.call(Unknown Source)
	at TempTestSuite1626103778705.run(TempTestSuite1626103778705.groovy:39)
Caused by: com.kms.katalon.core.webui.exception.WebElementNotFoundException: Web element with id: 'Object Repository/2 Operacion/Elementos del Sistema/Terminales/Terminal/Funciones Basicas/imgCerrar/btn_FindeJornada' located by '//input[@id='cPHPri_Motivos_btnFindeJornada_8']' not found
	at com.kms.katalon.core.webui.common.WebUiCommonHelper.findWebElement(WebUiCommonHelper.java:1368)
	at com.kms.katalon.core.webui.keyword.internal.WebUIAbstractKeyword.findWebElement(WebUIAbstractKeyword.groovy:27)
	at com.kms.katalon.core.webui.keyword.internal.WebUIAbstractKeyword.findWebElement(WebUIAbstractKeyword.groovy:26)
	at com.kms.katalon.core.webui.keyword.builtin.ClickKeyword$_click_closure1.doCall(ClickKeyword.groovy:66)
	at com.kms.katalon.core.webui.keyword.builtin.ClickKeyword$_click_closure1.call(ClickKeyword.groovy)
	at com.kms.katalon.core.webui.keyword.internal.WebUIKeywordMain.runKeyword(WebUIKeywordMain.groovy:20)
	... 19 more]]></system-err>
      </testcase>
      <system-out><![CDATA[2021-07-12 10:30:03 - [TEST_SUITE][FAILED] - Requerido en Terminal: Test Cases/0 Información clientes/Requerido en Terminal FAILED.
Reason:
com.kms.katalon.core.exception.StepFailedException: Unable to click on object 'Object Repository/2 Operacion/Elementos del Sistema/Terminales/Terminal/Funciones Basicas/imgCerrar/btn_FindeJornada'
	at com.kms.katalon.core.webui.keyword.internal.WebUIKeywordMain.stepFailed(WebUIKeywordMain.groovy:64)
	at com.kms.katalon.core.webui.keyword.internal.WebUIKeywordMain.runKeyword(WebUIKeywordMain.groovy:26)
	at com.kms.katalon.core.webui.keyword.builtin.ClickKeyword.click(ClickKeyword.groovy:75)
	at com.kms.katalon.core.webui.keyword.builtin.ClickKeyword.execute(ClickKeyword.groovy:42)
	at com.kms.katalon.core.keyword.internal.KeywordExecutor.executeKeywordForPlatform(KeywordExecutor.groovy:73)
	at com.kms.katalon.core.webui.keyword.WebUiBuiltInKeywords.click(WebUiBuiltInKeywords.groovy:620)
	at com.kms.katalon.core.webui.keyword.WebUiBuiltInKeywords$click$2.call(Unknown Source)
	at Requerido en Terminal.run(Requerido en Terminal:123)
	at com.kms.katalon.core.main.ScriptEngine.run(ScriptEngine.java:194)
	at com.kms.katalon.core.main.ScriptEngine.runScriptAsRawText(ScriptEngine.java:119)
	at com.kms.katalon.core.main.TestCaseExecutor.runScript(TestCaseExecutor.java:369)
	at com.kms.katalon.core.main.TestCaseExecutor.doExecute(TestCaseExecutor.java:360)
	at com.kms.katalon.core.main.TestCaseExecutor.processExecutionPhase(TestCaseExecutor.java:339)
	at com.kms.katalon.core.main.TestCaseExecutor.accessMainPhase(TestCaseExecutor.java:331)
	at com.kms.katalon.core.main.TestCaseExecutor.execute(TestCaseExecutor.java:248)
	at com.kms.katalon.core.main.TestSuiteExecutor.accessTestCaseMainPhase(TestSuiteExecutor.java:191)
	at com.kms.katalon.core.main.TestSuiteExecutor.accessTestSuiteMainPhase(TestSuiteExecutor.java:140)
	at com.kms.katalon.core.main.TestSuiteExecutor.execute(TestSuiteExecutor.java:89)
	at com.kms.katalon.core.main.TestCaseMain.startTestSuite(TestCaseMain.java:185)
	at com.kms.katalon.core.main.TestCaseMain$startTestSuite$0.call(Unknown Source)
	at TempTestSuite1626103778705.run(TempTestSuite1626103778705.groovy:39)
Caused by: com.kms.katalon.core.webui.exception.WebElementNotFoundException: Web element with id: 'Object Repository/2 Operacion/Elementos del Sistema/Terminales/Terminal/Funciones Basicas/imgCerrar/btn_FindeJornada' located by '//input[@id='cPHPri_Motivos_btnFindeJornada_8']' not found
	at com.kms.katalon.core.webui.common.WebUiCommonHelper.findWebElement(WebUiCommonHelper.java:1368)
	at com.kms.katalon.core.webui.keyword.internal.WebUIAbstractKeyword.findWebElement(WebUIAbstractKeyword.groovy:27)
	at com.kms.katalon.core.webui.keyword.internal.WebUIAbstractKeyword.findWebElement(WebUIAbstractKeyword.groovy:26)
	at com.kms.katalon.core.webui.keyword.builtin.ClickKeyword$_click_closure1.doCall(ClickKeyword.groovy:66)
	at com.kms.katalon.core.webui.keyword.builtin.ClickKeyword$_click_closure1.call(ClickKeyword.groovy)
	at com.kms.katalon.core.webui.keyword.internal.WebUIKeywordMain.runKeyword(WebUIKeywordMain.groovy:20)
	... 19 more]]></system-out>
      <system-err><![CDATA[2021-07-12 10:30:03 - [TEST_SUITE][FAILED] - Requerido en Terminal: Test Cases/0 Información clientes/Requerido en Terminal FAILED.
Reason:
com.kms.katalon.core.exception.StepFailedException: Unable to click on object 'Object Repository/2 Operacion/Elementos del Sistema/Terminales/Terminal/Funciones Basicas/imgCerrar/btn_FindeJornada'
	at com.kms.katalon.core.webui.keyword.internal.WebUIKeywordMain.stepFailed(WebUIKeywordMain.groovy:64)
	at com.kms.katalon.core.webui.keyword.internal.WebUIKeywordMain.runKeyword(WebUIKeywordMain.groovy:26)
	at com.kms.katalon.core.webui.keyword.builtin.ClickKeyword.click(ClickKeyword.groovy:75)
	at com.kms.katalon.core.webui.keyword.builtin.ClickKeyword.execute(ClickKeyword.groovy:42)
	at com.kms.katalon.core.keyword.internal.KeywordExecutor.executeKeywordForPlatform(KeywordExecutor.groovy:73)
	at com.kms.katalon.core.webui.keyword.WebUiBuiltInKeywords.click(WebUiBuiltInKeywords.groovy:620)
	at com.kms.katalon.core.webui.keyword.WebUiBuiltInKeywords$click$2.call(Unknown Source)
	at Requerido en Terminal.run(Requerido en Terminal:123)
	at com.kms.katalon.core.main.ScriptEngine.run(ScriptEngine.java:194)
	at com.kms.katalon.core.main.ScriptEngine.runScriptAsRawText(ScriptEngine.java:119)
	at com.kms.katalon.core.main.TestCaseExecutor.runScript(TestCaseExecutor.java:369)
	at com.kms.katalon.core.main.TestCaseExecutor.doExecute(TestCaseExecutor.java:360)
	at com.kms.katalon.core.main.TestCaseExecutor.processExecutionPhase(TestCaseExecutor.java:339)
	at com.kms.katalon.core.main.TestCaseExecutor.accessMainPhase(TestCaseExecutor.java:331)
	at com.kms.katalon.core.main.TestCaseExecutor.execute(TestCaseExecutor.java:248)
	at com.kms.katalon.core.main.TestSuiteExecutor.accessTestCaseMainPhase(TestSuiteExecutor.java:191)
	at com.kms.katalon.core.main.TestSuiteExecutor.accessTestSuiteMainPhase(TestSuiteExecutor.java:140)
	at com.kms.katalon.core.main.TestSuiteExecutor.execute(TestSuiteExecutor.java:89)
	at com.kms.katalon.core.main.TestCaseMain.startTestSuite(TestCaseMain.java:185)
	at com.kms.katalon.core.main.TestCaseMain$startTestSuite$0.call(Unknown Source)
	at TempTestSuite1626103778705.run(TempTestSuite1626103778705.groovy:39)
Caused by: com.kms.katalon.core.webui.exception.WebElementNotFoundException: Web element with id: 'Object Repository/2 Operacion/Elementos del Sistema/Terminales/Terminal/Funciones Basicas/imgCerrar/btn_FindeJornada' located by '//input[@id='cPHPri_Motivos_btnFindeJornada_8']' not found
	at com.kms.katalon.core.webui.common.WebUiCommonHelper.findWebElement(WebUiCommonHelper.java:1368)
	at com.kms.katalon.core.webui.keyword.internal.WebUIAbstractKeyword.findWebElement(WebUIAbstractKeyword.groovy:27)
	at com.kms.katalon.core.webui.keyword.internal.WebUIAbstractKeyword.findWebElement(WebUIAbstractKeyword.groovy:26)
	at com.kms.katalon.core.webui.keyword.builtin.ClickKeyword$_click_closure1.doCall(ClickKeyword.groovy:66)
	at com.kms.katalon.core.webui.keyword.builtin.ClickKeyword$_click_closure1.call(ClickKeyword.groovy)
	at com.kms.katalon.core.webui.keyword.internal.WebUIKeywordMain.runKeyword(WebUIKeywordMain.groovy:20)
	... 19 more]]></system-err>
   </testsuite>
</testsuites>
